<?xml version="1.0" encoding="UTF-8"?>
<!-- Generated by org.testng.reporters.JUnitXMLReporter -->
<testsuite hostname="Sharique" ignored="3" name="Test" tests="4" failures="1" timestamp="06 Dec 2018 14:31:02 GMT" time="50.776" errors="0">
  <testcase name="testValidLogin" time="1.814" classname="script.ValidLogin"/>
  <testcase name="testInvalidLogin" time="2.554" classname="script.TestInvalidLogin">
    <failure type="java.lang.AssertionError" message="null">
      <![CDATA[java.lang.AssertionError: null
at script.TestInvalidLogin.testInvalidLogin(TestInvalidLogin.java:31)
... Removed 27 stack frames]]>
    </failure>
  </testcase> <!-- testInvalidLogin -->
  <testcase name="testCheckIssueDate" time="12.428" classname="script.CheckIssueDate"/>
  <testcase name="testCheckProductEdition" time="3.586" classname="script.CheckProductEdition"/>
  <testcase name="@AfterSuite print" time="0.0" classname="generic.BaseTest">
    <ignored/>
  </testcase> <!-- @AfterSuite print -->
  <testcase name="@AfterSuite print" time="0.0" classname="generic.BaseTest">
    <ignored/>
  </testcase> <!-- @AfterSuite print -->
  <testcase name="@AfterSuite print" time="0.0" classname="generic.BaseTest">
    <ignored/>
  </testcase> <!-- @AfterSuite print -->
</testsuite> <!-- Test -->
